2020-06-05 15:08:00,495 CRIT Supervisor is running as root.  Privileges were not dropped because no user is specified in the config file.  If you intend to run as root, you can set user=root in the config file to avoid this message.
2020-06-05 15:08:00,495 INFO Included extra file "/etc/supervisor/conf.d/supervisor.conf" during parsing
2020-06-05 15:08:00,499 INFO daemonizing the supervisord process
2020-06-05 15:08:00,500 INFO supervisord started with pid 80
2020-06-05 15:08:01,506 INFO spawned: 'application-consumer_00' with pid 81
2020-06-05 15:08:01,514 INFO spawned: 'application-consumer_01' with pid 82
2020-06-05 15:08:01,516 WARN received SIGHUP indicating restart request
2020-06-05 15:08:01,517 INFO waiting for application-consumer_00, application-consumer_01 to die
2020-06-05 15:08:04,933 INFO waiting for application-consumer_00, application-consumer_01 to die
2020-06-05 15:08:07,937 INFO waiting for application-consumer_00, application-consumer_01 to die
2020-06-05 15:08:10,942 INFO waiting for application-consumer_00, application-consumer_01 to die
2020-06-05 15:08:11,944 WARN killing 'application-consumer_00' (81) with SIGKILL
2020-06-05 15:08:11,944 WARN killing 'application-consumer_01' (82) with SIGKILL
2020-06-05 15:08:11,951 INFO stopped: application-consumer_00 (terminated by SIGKILL)
2020-06-05 15:08:11,951 INFO stopped: application-consumer_01 (terminated by SIGKILL)
2020-06-05 15:08:11,957 CRIT Supervisor is running as root.  Privileges were not dropped because no user is specified in the config file.  If you intend to run as root, you can set user=root in the config file to avoid this message.
2020-06-05 15:08:11,957 INFO Included extra file "/etc/supervisor/conf.d/supervisor.conf" during parsing
2020-06-05 15:08:11,958 INFO supervisord started with pid 80
2020-06-05 15:08:12,963 INFO spawned: 'application-consumer_00' with pid 95
2020-06-05 15:08:12,966 INFO spawned: 'application-consumer_01' with pid 96
2020-06-05 15:08:13,378 INFO success: application-consumer_00 entered RUNNING state, process has stayed up for > than 0 seconds (startsecs)
2020-06-05 15:08:13,378 INFO success: application-consumer_01 entered RUNNING state, process has stayed up for > than 0 seconds (startsecs)
